<?xml version="1.0" encoding="UTF-8"?>
<!-- Generated by org.testng.reporters.JUnitReportReporter -->
<testsuite skipped="0" hostname="DELL-PC" name="com.testAutomationTest.QA.testCases.LoginTest" tests="2" failures="0" timestamp="2020-01-28T12:40:21 IST" time="42.465" errors="0">
  <testcase name="LoginPageTitleCheck" time="28.538" classname="com.testAutomationTest.QA.testCases.LoginTest"/>
  <system-out/>
  <testcase name="LoginPageUserLogin" time="13.927" classname="com.testAutomationTest.QA.testCases.LoginTest"/>
  <system-out/>
</testsuite> <!-- com.testAutomationTest.QA.testCases.LoginTest -->
