<?xml version="1.0" encoding="UTF-8"?>
<!-- Generated by org.testng.reporters.JUnitReportReporter -->
<testsuite skipped="0" hostname="DELL-PC" name="com.testAutomationTest.QA.testCases.BalanceTest" tests="3" failures="0" timestamp="2020-01-28T12:40:21 IST" time="32.583" errors="0">
  <testcase name="checkUserNameonBalance" time="10.816" classname="com.testAutomationTest.QA.testCases.BalanceTest"/>
  <system-out/>
  <testcase name="checkforCorrectUsername" time="10.849" classname="com.testAutomationTest.QA.testCases.BalanceTest"/>
  <system-out/>
  <testcase name="verifyAvailableAmount" time="10.918" classname="com.testAutomationTest.QA.testCases.BalanceTest"/>
  <system-out/>
</testsuite> <!-- com.testAutomationTest.QA.testCases.BalanceTest -->
