<?xml version="1.0" encoding="UTF-8"?>
<!-- Generated by org.testng.reporters.JUnitReportReporter -->
<testsuite skipped="0" hostname="DELL-PC" name="com.testAutomationTest.QA.testCases.MyProfileTest" tests="1" failures="0" timestamp="2020-01-28T12:40:21 IST" time="9.455" errors="0">
  <testcase name="VerifyMyProfileTitle" time="9.455" classname="com.testAutomationTest.QA.testCases.MyProfileTest"/>
  <system-out/>
</testsuite> <!-- com.testAutomationTest.QA.testCases.MyProfileTest -->
