<?xml version="1.0" encoding="UTF-8"?>
<!-- Generated by org.testng.reporters.JUnitReportReporter -->
<testsuite skipped="0" hostname="DELL-PC" name="com.testAutomationTest.QA.testCases.LoginTest" tests="2" failures="0" timestamp="2020-01-29T13:21:20 IST" time="20.530" errors="0">
  <testcase name="LoginPageTitleCheck" time="7.999" classname="com.testAutomationTest.QA.testCases.LoginTest"/>
  <system-out/>
  <testcase name="LoginPageUserLogin" time="12.531" classname="com.testAutomationTest.QA.testCases.LoginTest"/>
  <system-out/>
</testsuite> <!-- com.testAutomationTest.QA.testCases.LoginTest -->
