<?xml version="1.0" encoding="UTF-8"?>
<!-- Generated by org.testng.reporters.JUnitReportReporter -->
<testsuite skipped="0" hostname="DELL-PC" name="com.testAutomationTest.QA.testCases.MyProfileTest" tests="1" failures="0" timestamp="2020-01-29T13:21:20 IST" time="9.501" errors="0">
  <testcase name="VerifyMyProfileTitle" time="9.501" classname="com.testAutomationTest.QA.testCases.MyProfileTest"/>
  <system-out/>
</testsuite> <!-- com.testAutomationTest.QA.testCases.MyProfileTest -->
