<?xml version="1.0" encoding="UTF-8"?>
<!-- Generated by org.testng.reporters.JUnitReportReporter -->
<testsuite skipped="0" hostname="DELL-PC" name="com.testAutomationTest.QA.testCases.LoginTest" tests="2" failures="0" timestamp="2020-01-28T18:12:44 IST" time="20.512" errors="0">
  <testcase name="LoginPageTitleCheck" time="8.639" classname="com.testAutomationTest.QA.testCases.LoginTest"/>
  <system-out/>
  <testcase name="LoginPageUserLogin" time="11.873" classname="com.testAutomationTest.QA.testCases.LoginTest"/>
  <system-out/>
</testsuite> <!-- com.testAutomationTest.QA.testCases.LoginTest -->
